<?xml version="1.0" encoding="UTF-8"?>
<!-- Generated by org.testng.reporters.JUnitXMLReporter -->
<testsuite ignored="1" hostname="DESKTOP-1U8B136" failures="0" tests="1" name="Test" time="21.797" errors="0" timestamp="2021-08-25T10:57:04 IST">
  <testcase classname="com.vtiger.comcast.organisationtest.SearchOrgByTestNG1" name="SearchOrgByPhone_TC_28" time="7.84"/>
  <testcase classname="com.vtiger.comcast.organisationtest.SearchOrgByTestNG1" name="SearchOrgByWebsiteTest" time="0.0">
    <ignored/>
  </testcase> <!-- SearchOrgByWebsiteTest -->
</testsuite> <!-- Test -->
